<?xml version="1.0" encoding="UTF-8"?>
<!-- Generated by org.testng.reporters.JUnitReportReporter -->
<testsuite hostname="DESKTOP-POR82VQ" failures="0" tests="13" name="test.Login$Keywords3" time="0.051" errors="0" timestamp="16 Jan 2022 20:33:55 GMT" skipped="1">
  <testcase classname="test.Login$Keywords3" name="dfs" time="0.006"/>
  <testcase classname="test.Login$Keywords3" name="zqp" time="0.006"/>
  <testcase classname="test.Login$Keywords3" name="dfs" time="0.003"/>
  <testcase classname="test.Login$Keywords3" name="dfs" time="0.003"/>
  <testcase classname="test.Login$Keywords3" name="dfs" time="0.006"/>
  <testcase classname="test.Login$Keywords3" name="dfs" time="0.002"/>
  <testcase classname="test.Login$Keywords3" name="dfs" time="0.003"/>
  <testcase classname="test.Login$Keywords3" name="abc" time="0.010"/>
  <testcase classname="test.Login$Keywords3" name="dfs" time="0.001"/>
  <testcase classname="test.Login$Keywords3" name="dfs" time="0.005"/>
  <testcase classname="test.Login$Keywords3" name="dfs" time="0.003"/>
  <testcase classname="test.Login$Keywords3" name="dfs" time="0.003"/>
  <testcase classname="test.Login$Keywords3" name="kdf">
    <skipped/>
  </testcase> <!-- kdf -->
</testsuite> <!-- test.Login$Keywords3 -->
