<?xml version="1.0" encoding="UTF-8"?>
<!-- Generated by org.testng.reporters.JUnitReportReporter -->
<testsuite hostname="DESKTOP-POR82VQ" failures="0" tests="1" name="test.Login" time="0.018" errors="0" timestamp="16 Jan 2022 20:16:08 GMT" skipped="0">
  <testcase classname="test.Login" name="abc" time="0.018"/>
</testsuite> <!-- test.Login -->
