<?xml version="1.0" encoding="UTF-8"?>
<!-- Generated by org.testng.reporters.JUnitReportReporter -->
<testsuite hostname="DESKTOP-POR82VQ" failures="0" tests="6" name="test.Login$Keyword2" time="5.038" errors="1" timestamp="16 Jan 2022 20:36:28 GMT" skipped="1">
  <testcase classname="test.Login$Keyword2" name="zqp" time="5.016">
    <error message="Method test.Login$Keyword2.zqp() didn&#039;t finish within the time-out 5000" type="org.testng.internal.thread.ThreadTimeoutException">
      <![CDATA[org.testng.internal.thread.ThreadTimeoutException: Method test.Login$Keyword2.zqp() didn't finish within the time-out 5000
at java.base@16.0.2/java.lang.invoke.MethodHandleNatives.varHandleOperationLinkerMethod(MethodHandleNatives.java:562)
at java.base@16.0.2/java.lang.invoke.MethodHandleNatives.linkMethodImpl(MethodHandleNatives.java:485)
at java.base@16.0.2/java.lang.invoke.MethodHandleNatives.linkMethod(MethodHandleNatives.java:473)
at java.base@16.0.2/java.util.concurrent.FutureTask.setException(FutureTask.java:247)
at java.base@16.0.2/java.util.concurrent.FutureTask.run(FutureTask.java:269)
at java.base@16.0.2/java.util.concurrent.ThreadPoolExecutor.runWorker(ThreadPoolExecutor.java:1130)
at java.base@16.0.2/java.util.concurrent.ThreadPoolExecutor$Worker.run(ThreadPoolExecutor.java:630)
at java.base@16.0.2/java.lang.Thread.run(Thread.java:831)
]]>
    </error>
  </testcase> <!-- zqp -->
  <testcase classname="test.Login$Keyword2" name="abc" time="0.010"/>
  <testcase classname="test.Login$Keyword2" name="dfs" time="0.002">
    <skipped/>
  </testcase> <!-- dfs -->
  <testcase classname="test.Login$Keyword2" name="zvf" time="0.003"/>
  <testcase classname="test.Login$Keyword2" name="tgh" time="0.005"/>
  <testcase classname="test.Login$Keyword2" name="kdf" time="0.002"/>
</testsuite> <!-- test.Login$Keyword2 -->
