<?xml version="1.0" encoding="UTF-8"?>
<!-- Generated by org.testng.reporters.JUnitReportReporter -->
<testsuite hostname="DESKTOP-POR82VQ" failures="0" tests="1" name="test.login_test" time="11.175" errors="0" timestamp="17 Jan 2022 00:51:13 GMT" skipped="0">
  <testcase classname="test.login_test" name="login" time="11.175"/>
</testsuite> <!-- test.login_test -->
